2026-05-03 15:05:55,796 [INFO] panopticon_py.utils.process_guard - [guard] arb_scanner singleton acquired (PID=38384, version=v0.5.1-D135)
2026-05-03 15:05:55,797 [INFO] panopticon_py.utils.process_guard - [guard] arb_scanner version OK: v0.5.1-D135 == v0.5.1-D135
2026-05-03 15:05:55,808 [INFO] panopticon_py.utils.process_guard - [guard] _write_manifest: wrote arb_scanner to manifest, total keys=6
2026-05-03 15:05:56,061 [INFO] __main__ - [ARB] Starting ArbScanner paper_mode=True auto_refresh=60s
2026-05-03 15:05:56,347 [INFO] httpx - HTTP Request: GET https://gamma-api.polymarket.com/markets?closed=false&limit=500 "HTTP/1.1 200 OK"
2026-05-03 15:05:56,378 [INFO] __main__ - [ARB] Discovered 168 T5 token_ids (168 markets) via Gamma API
2026-05-03 15:05:56,378 [INFO] __main__ - [ARB_FEE] Querying fee rates for 168 tokens
2026-05-03 15:05:56,622 [INFO] httpx - HTTP Request: GET https://clob.polymarket.com/fee-rate?token_id=0xa664f0788e0ccf2c4ad1e3a4ccb282bb3cded067c03262505fff5a88fd95178b "HTTP/1.1 404 Not Found"
2026-05-03 15:05:56,626 [INFO] httpx - HTTP Request: GET https://clob.polymarket.com/fee-rate?token_id=0x4038ca04a166be00f03f26747ca86401aed65ede8ba397e564e780f3f3e89623 "HTTP/1.1 404 Not Found"
2026-05-03 15:05:56,630 [INFO] httpx - HTTP Request: GET https://clob.polymarket.com/fee-rate?token_id=0xee9cabf47ebc2b9b3ae3062e5204e54ec418204bc23a7e82a2ce2ee41464efc5 "HTTP/1.1 404 Not Found"
2026-05-03 15:05:56,637 [INFO] httpx - HTTP Request: GET https://clob.polymarket.com/fee-rate?token_id=0x811dce3bb21a740e244a61059649a149da1e57be36851cf9ab515bd2f7294883 "HTTP/1.1 404 Not Found"
2026-05-03 15:05:56,643 [INFO] httpx - HTTP Request: GET https://clob.polymarket.com/fee-rate?token_id=0x3a9c5882464360a9cb5f34609ef051feff7ee48f6a6e94aec0898a890cfea10a "HTTP/1.1 404 Not Found"
2026-05-03 15:05:56,660 [INFO] httpx - HTTP Request: GET https://clob.polymarket.com/fee-rate?token_id=0x0b9cbe27c3b279729e831dbf44435004e9b1c03fb171e5203f6c66277e7c5d3c "HTTP/1.1 404 Not Found"
2026-05-03 15:05:56,712 [INFO] httpx - HTTP Request: GET https://clob.polymarket.com/fee-rate?token_id=0x506d4f16ee39fdbf0085f67b2a1f7c02d620a11b4fb605c926cae6bf10561906 "HTTP/1.1 404 Not Found"
2026-05-03 15:05:56,716 [INFO] httpx - HTTP Request: GET https://clob.polymarket.com/fee-rate?token_id=0x6109928b514190796ac5146bb553ee96fcd636d44963b5ba49bfc29f905d0d1a "HTTP/1.1 404 Not Found"
2026-05-03 15:05:56,723 [INFO] httpx - HTTP Request: GET https://clob.polymarket.com/fee-rate?token_id=0xa3178dbbb761a7a0f40a1fd641f481f48d3877a74e958241218dd7c432ad4300 "HTTP/1.1 404 Not Found"
2026-05-03 15:05:56,735 [INFO] httpx - HTTP Request: GET https://clob.polymarket.com/fee-rate?token_id=0x6877cc43a0092e3801e7e82e41d91d7f177513f479666afbd3d6e6027b1c08b3 "HTTP/1.1 404 Not Found"
2026-05-03 15:05:56,850 [INFO] httpx - HTTP Request: GET https://clob.polymarket.com/fee-rate?token_id=0xefc25bb60348347ff13733f39ef48e4c2c3976a6e93fc260c16e4e039fd4e358 "HTTP/1.1 404 Not Found"
2026-05-03 15:05:56,857 [INFO] httpx - HTTP Request: GET https://clob.polymarket.com/fee-rate?token_id=0xea12cebb26221dcc908cfc0efa6df27fac6d88fd2b3cbe9e80116cf0efb98fc2 "HTTP/1.1 404 Not Found"
2026-05-03 15:05:56,858 [INFO] httpx - HTTP Request: GET https://clob.polymarket.com/fee-rate?token_id=0x67cc2453c223a885efa413ce43bbf09eaf3b467e1e77e86c87689b8bbe296a31 "HTTP/1.1 404 Not Found"
2026-05-03 15:05:56,906 [INFO] httpx - HTTP Request: GET https://clob.polymarket.com/fee-rate?token_id=0xcbbebc9a41ed4d97da4817ab815241cb287a17187a529e6116192766d7da1257 "HTTP/1.1 404 Not Found"
2026-05-03 15:05:56,937 [INFO] httpx - HTTP Request: GET https://clob.polymarket.com/fee-rate?token_id=0x0f20763509fe4ad2eab519ac76e6866a399a762b7090c165951762f94e5bed25 "HTTP/1.1 404 Not Found"
2026-05-03 15:05:56,941 [INFO] httpx - HTTP Request: GET https://clob.polymarket.com/fee-rate?token_id=0xb21db8a32c9e883ed61e40a3d1c24a6491485142553d8e24d460fbae574b9ea8 "HTTP/1.1 404 Not Found"
2026-05-03 15:05:57,017 [INFO] httpx - HTTP Request: GET https://clob.polymarket.com/fee-rate?token_id=0xdbd4be9db25e8a8e5543bd259ce00715a30feefcad2cbe47d4a149b2e2ab7b88 "HTTP/1.1 404 Not Found"
2026-05-03 15:05:57,029 [INFO] httpx - HTTP Request: GET https://clob.polymarket.com/fee-rate?token_id=0xe680bff479f11141320ee9fe4af164f4fb22266719bb6a612b074f39e5d9a2a2 "HTTP/1.1 404 Not Found"
2026-05-03 15:05:57,030 [INFO] httpx - HTTP Request: GET https://clob.polymarket.com/fee-rate?token_id=0xa86ee823b8757f8af0d473b71c138197cfdae7bd0feb5fb25ed11c2de8ffee7a "HTTP/1.1 404 Not Found"
2026-05-03 15:05:57,055 [INFO] httpx - HTTP Request: GET https://clob.polymarket.com/fee-rate?token_id=0x701302cc2ebe21134f60dbce6c85dedbb41351f424f6093a074072e9816c08be "HTTP/1.1 404 Not Found"
2026-05-03 15:05:57,081 [INFO] httpx - HTTP Request: GET https://clob.polymarket.com/fee-rate?token_id=0x60201e32ff0b788635e6081219107e066e40ad43f04ea6048350bfff45ed962b "HTTP/1.1 404 Not Found"
2026-05-03 15:05:57,121 [INFO] httpx - HTTP Request: GET https://clob.polymarket.com/fee-rate?token_id=0x56aa5fcd5751b430c3d5cb580aa799d4ee9a879fcbc853941a299856a7c255b8 "HTTP/1.1 404 Not Found"
2026-05-03 15:05:57,122 [INFO] httpx - HTTP Request: GET https://clob.polymarket.com/fee-rate?token_id=0xacc1eea25770836656295b8756a4294f9c0473d65078d2c087a31d1ca4b248f4 "HTTP/1.1 404 Not Found"
