2026-05-04 00:04:47,379 [INFO] panopticon_py.utils.process_guard [guard] watchdog singleton acquired (PID=48772, version=v1.0.5-D146)
2026-05-04 00:04:47,380 [INFO] panopticon_py.utils.process_guard [guard] watchdog version OK: v1.0.5-D146 == v1.0.5-D146
2026-05-04 00:04:47,390 [INFO] panopticon_py.utils.process_guard [guard] _write_manifest: wrote watchdog to manifest, total keys=6
2026-05-04 00:04:47,391 [INFO] __main__ [WATCHDOG] Starting ¡X watching: orchestrator, backend, arb_scanner
2026-05-04 00:04:47,405 [WARNING] __main__ [WATCHDOG] orchestrator unhealthy: pid_dead(pid=49220) ¡÷ restarting
2026-05-04 00:04:49,412 [INFO] __main__ [WATCHDOG] orchestrator restarted ¡÷ PID=49596
2026-05-04 00:04:49,413 [WARNING] __main__ [WATCHDOG] backend unhealthy: pid_dead(pid=42976) ¡÷ restarting
2026-05-04 00:04:51,418 [INFO] __main__ [WATCHDOG] backend restarted ¡÷ PID=38860
2026-05-04 00:04:51,460 [WARNING] __main__ [WATCHDOG] DB maintenance failed: invalid syntax (db.py, line 3944)
2026-05-04 00:05:21,470 [WARNING] __main__ [WATCHDOG] orchestrator unhealthy: pid_dead(pid=49220) ¡÷ restarting
2026-05-04 00:05:23,475 [INFO] __main__ [WATCHDOG] orchestrator restarted ¡÷ PID=4112
2026-05-04 00:05:23,477 [WARNING] __main__ [WATCHDOG] backend unhealthy: pid_dead(pid=42976), hb_stale(age=64s > 60s) ¡÷ restarting
2026-05-04 00:05:25,481 [INFO] __main__ [WATCHDOG] backend restarted ¡÷ PID=43012
2026-05-04 00:05:55,492 [WARNING] __main__ [WATCHDOG] orchestrator unhealthy: pid_dead(pid=49220) ¡÷ restarting
2026-05-04 00:05:57,498 [INFO] __main__ [WATCHDOG] orchestrator restarted ¡÷ PID=45592
2026-05-04 00:05:57,500 [WARNING] __main__ [WATCHDOG] backend unhealthy: pid_dead(pid=42976), hb_stale(age=98s > 60s) ¡÷ restarting
2026-05-04 00:05:59,503 [INFO] __main__ [WATCHDOG] backend restarted ¡÷ PID=28668
2026-05-04 00:06:29,516 [WARNING] __main__ [WATCHDOG] orchestrator unhealthy: pid_dead(pid=49220), hb_stale(age=118s > 90s) ¡÷ restarting
2026-05-04 00:06:29,517 [ERROR] __main__ [WATCHDOG] CIRCUIT_OPEN: orchestrator restarted 3 times in 300s ¡X manual intervention required. Skipping restart.
2026-05-04 00:06:29,518 [WARNING] __main__ [WATCHDOG] backend unhealthy: pid_dead(pid=42976), hb_stale(age=130s > 60s) ¡÷ restarting
2026-05-04 00:06:29,518 [ERROR] __main__ [WATCHDOG] CIRCUIT_OPEN: backend restarted 3 times in 300s ¡X manual intervention required. Skipping restart.
